{"/home/shoxrux/Desktop/Others/organizer/server/app.js": {"path":"/home/shoxrux/Desktop/Others/organizer/server/app.js","statementMap":{"0":{"start":{"line":1,"column":0},"end":{"line":1,"column":27}},"1":{"start":{"line":2,"column":16},"end":{"line":2,"column":34}},"2":{"start":{"line":3,"column":13},"end":{"line":3,"column":28}},"3":{"start":{"line":4,"column":13},"end":{"line":4,"column":28}},"4":{"start":{"line":5,"column":20},"end":{"line":5,"column":52}},"5":{"start":{"line":6,"column":20},"end":{"line":6,"column":52}},"6":{"start":{"line":7,"column":25},"end":{"line":7,"column":67}},"7":{"start":{"line":8,"column":24},"end":{"line":8,"column":65}},"8":{"start":{"line":9,"column":11},"end":{"line":9,"column":24}},"9":{"start":{"line":11,"column":12},"end":{"line":11,"column":21}},"10":{"start":{"line":13,"column":0},"end":{"line":13,"column":16}},"11":{"start":{"line":14,"column":0},"end":{"line":14,"column":24}},"12":{"start":{"line":15,"column":0},"end":{"line":15,"column":67}},"13":{"start":{"line":17,"column":0},"end":{"line":17,"column":42}},"14":{"start":{"line":18,"column":0},"end":{"line":18,"column":35}},"15":{"start":{"line":19,"column":0},"end":{"line":19,"column":75}},"16":{"start":{"line":21,"column":0},"end":{"line":28,"column":3}},"17":{"start":{"line":22,"column":18},"end":{"line":22,"column":36}},"18":{"start":{"line":24,"column":2},"end":{"line":27,"column":5}},"19":{"start":{"line":30,"column":0},"end":{"line":30,"column":21}}},"fnMap":{"0":{"name":"(anonymous_0)","decl":{"start":{"line":21,"column":8},"end":{"line":21,"column":9}},"loc":{"start":{"line":21,"column":35},"end":{"line":28,"column":1}},"line":21}},"branchMap":{},"s":{"0":1,"1":1,"2":1,"3":1,"4":1,"5":1,"6":1,"7":1,"8":1,"9":1,"10":1,"11":1,"12":1,"13":1,"14":1,"15":1,"16":1,"17":2,"18":2,"19":1},"f":{"0":2},"b":{},"_coverageSchema":"1a1c01bbd47fc00a2c39e90264f33305004495a9","hash":"13f274398e414c1fabf4112f6f6215ff80bc37bf"}
,"/home/shoxrux/Desktop/Others/organizer/server/constants.js": {"path":"/home/shoxrux/Desktop/Others/organizer/server/constants.js","statementMap":{"0":{"start":{"line":1,"column":21},"end":{"line":1,"column":22}},"1":{"start":{"line":3,"column":0},"end":{"line":5,"column":2}}},"fnMap":{},"branchMap":{},"s":{"0":1,"1":1},"f":{},"b":{},"_coverageSchema":"1a1c01bbd47fc00a2c39e90264f33305004495a9","hash":"ff07c6ec2f851ee4198023f7ae2e4291b8e5c3e4"}
,"/home/shoxrux/Desktop/Others/organizer/server/auth/is-authorized.js": {"path":"/home/shoxrux/Desktop/Others/organizer/server/auth/is-authorized.js","statementMap":{"0":{"start":{"line":1,"column":20},"end":{"line":1,"column":42}},"1":{"start":{"line":3,"column":21},"end":{"line":9,"column":1}},"2":{"start":{"line":4,"column":14},"end":{"line":4,"column":59}},"3":{"start":{"line":6,"column":2},"end":{"line":8,"column":80}},"4":{"start":{"line":6,"column":11},"end":{"line":6,"column":18}},"5":{"start":{"line":8,"column":4},"end":{"line":8,"column":80}},"6":{"start":{"line":11,"column":0},"end":{"line":11,"column":30}}},"fnMap":{"0":{"name":"(anonymous_0)","decl":{"start":{"line":3,"column":21},"end":{"line":3,"column":22}},"loc":{"start":{"line":3,"column":41},"end":{"line":9,"column":1}},"line":3}},"branchMap":{"0":{"loc":{"start":{"line":6,"column":2},"end":{"line":8,"column":80}},"type":"if","locations":[{"start":{"line":6,"column":2},"end":{"line":8,"column":80}},{"start":{"line":8,"column":4},"end":{"line":8,"column":80}}],"line":6}},"s":{"0":1,"1":1,"2":15,"3":15,"4":15,"5":0,"6":1},"f":{"0":15},"b":{"0":[15,0]},"_coverageSchema":"1a1c01bbd47fc00a2c39e90264f33305004495a9","hash":"11ef8ea67bef8baec169f8217fa2eb41bbaccc85"}
,"/home/shoxrux/Desktop/Others/organizer/server/auth/is-signed-in.js": {"path":"/home/shoxrux/Desktop/Others/organizer/server/auth/is-signed-in.js","statementMap":{"0":{"start":{"line":1,"column":17},"end":{"line":1,"column":36}},"1":{"start":{"line":2,"column":20},"end":{"line":2,"column":52}},"2":{"start":{"line":3,"column":23},"end":{"line":3,"column":46}},"3":{"start":{"line":4,"column":14},"end":{"line":4,"column":46}},"4":{"start":{"line":6,"column":20},"end":{"line":17,"column":1}},"5":{"start":{"line":7,"column":15},"end":{"line":7,"column":48}},"6":{"start":{"line":9,"column":2},"end":{"line":14,"column":7}},"7":{"start":{"line":10,"column":4},"end":{"line":14,"column":7}},"8":{"start":{"line":16,"column":2},"end":{"line":16,"column":27}},"9":{"start":{"line":19,"column":13},"end":{"line":19,"column":34}},"10":{"start":{"line":21,"column":13},"end":{"line":24,"column":1}},"11":{"start":{"line":26,"column":0},"end":{"line":26,"column":49}},"12":{"start":{"line":28,"column":17},"end":{"line":30,"column":2}},"13":{"start":{"line":32,"column":0},"end":{"line":32,"column":34}}},"fnMap":{"0":{"name":"(anonymous_0)","decl":{"start":{"line":6,"column":20},"end":{"line":6,"column":21}},"loc":{"start":{"line":6,"column":45},"end":{"line":17,"column":1}},"line":6}},"branchMap":{"0":{"loc":{"start":{"line":9,"column":2},"end":{"line":14,"column":7}},"type":"if","locations":[{"start":{"line":9,"column":2},"end":{"line":14,"column":7}},{"start":{},"end":{}}],"line":9}},"s":{"0":1,"1":1,"2":1,"3":1,"4":1,"5":15,"6":15,"7":15,"8":0,"9":1,"10":1,"11":1,"12":1,"13":1},"f":{"0":15},"b":{"0":[15,0]},"_coverageSchema":"1a1c01bbd47fc00a2c39e90264f33305004495a9","hash":"f4192286463844fa5b110f4547445a4c61386dba"}
,"/home/shoxrux/Desktop/Others/organizer/server/controllers/projects.controller.js": {"path":"/home/shoxrux/Desktop/Others/organizer/server/controllers/projects.controller.js","statementMap":{"0":{"start":{"line":1,"column":20},"end":{"line":1,"column":42}},"1":{"start":{"line":2,"column":24},"end":{"line":2,"column":63}},"2":{"start":{"line":4,"column":24},"end":{"line":17,"column":1}},"3":{"start":{"line":5,"column":2},"end":{"line":16,"column":3}},"4":{"start":{"line":6,"column":25},"end":{"line":11,"column":5}},"5":{"start":{"line":13,"column":4},"end":{"line":13,"column":39}},"6":{"start":{"line":15,"column":4},"end":{"line":15,"column":16}},"7":{"start":{"line":19,"column":19},"end":{"line":27,"column":1}},"8":{"start":{"line":20,"column":2},"end":{"line":26,"column":3}},"9":{"start":{"line":21,"column":20},"end":{"line":21,"column":74}},"10":{"start":{"line":23,"column":4},"end":{"line":23,"column":34}},"11":{"start":{"line":25,"column":4},"end":{"line":25,"column":16}},"12":{"start":{"line":29,"column":22},"end":{"line":40,"column":1}},"13":{"start":{"line":30,"column":2},"end":{"line":39,"column":3}},"14":{"start":{"line":31,"column":23},"end":{"line":34,"column":6}},"15":{"start":{"line":36,"column":4},"end":{"line":36,"column":37}},"16":{"start":{"line":38,"column":4},"end":{"line":38,"column":16}},"17":{"start":{"line":42,"column":22},"end":{"line":55,"column":1}},"18":{"start":{"line":43,"column":2},"end":{"line":54,"column":3}},"19":{"start":{"line":44,"column":20},"end":{"line":47,"column":5}},"20":{"start":{"line":49,"column":4},"end":{"line":49,"column":62}},"21":{"start":{"line":49,"column":18},"end":{"line":49,"column":62}},"22":{"start":{"line":51,"column":4},"end":{"line":51,"column":34}},"23":{"start":{"line":53,"column":4},"end":{"line":53,"column":16}},"24":{"start":{"line":57,"column":22},"end":{"line":67,"column":1}},"25":{"start":{"line":58,"column":2},"end":{"line":66,"column":3}},"26":{"start":{"line":59,"column":20},"end":{"line":59,"column":77}},"27":{"start":{"line":61,"column":4},"end":{"line":61,"column":62}},"28":{"start":{"line":61,"column":18},"end":{"line":61,"column":62}},"29":{"start":{"line":63,"column":4},"end":{"line":63,"column":47}},"30":{"start":{"line":65,"column":4},"end":{"line":65,"column":16}},"31":{"start":{"line":69,"column":0},"end":{"line":75,"column":2}}},"fnMap":{"0":{"name":"(anonymous_0)","decl":{"start":{"line":4,"column":24},"end":{"line":4,"column":25}},"loc":{"start":{"line":4,"column":50},"end":{"line":17,"column":1}},"line":4},"1":{"name":"(anonymous_1)","decl":{"start":{"line":19,"column":19},"end":{"line":19,"column":20}},"loc":{"start":{"line":19,"column":45},"end":{"line":27,"column":1}},"line":19},"2":{"name":"(anonymous_2)","decl":{"start":{"line":29,"column":22},"end":{"line":29,"column":23}},"loc":{"start":{"line":29,"column":48},"end":{"line":40,"column":1}},"line":29},"3":{"name":"(anonymous_3)","decl":{"start":{"line":42,"column":22},"end":{"line":42,"column":23}},"loc":{"start":{"line":42,"column":48},"end":{"line":55,"column":1}},"line":42},"4":{"name":"(anonymous_4)","decl":{"start":{"line":57,"column":22},"end":{"line":57,"column":23}},"loc":{"start":{"line":57,"column":48},"end":{"line":67,"column":1}},"line":57}},"branchMap":{"0":{"loc":{"start":{"line":49,"column":4},"end":{"line":49,"column":62}},"type":"if","locations":[{"start":{"line":49,"column":4},"end":{"line":49,"column":62}},{"start":{},"end":{}}],"line":49},"1":{"loc":{"start":{"line":61,"column":4},"end":{"line":61,"column":62}},"type":"if","locations":[{"start":{"line":61,"column":4},"end":{"line":61,"column":62}},{"start":{},"end":{}}],"line":61}},"s":{"0":1,"1":1,"2":1,"3":1,"4":1,"5":1,"6":0,"7":1,"8":1,"9":1,"10":1,"11":0,"12":1,"13":1,"14":1,"15":1,"16":0,"17":1,"18":1,"19":1,"20":1,"21":0,"22":1,"23":0,"24":1,"25":2,"26":2,"27":2,"28":1,"29":1,"30":1,"31":1},"f":{"0":1,"1":1,"2":1,"3":1,"4":2},"b":{"0":[0,1],"1":[1,1]},"_coverageSchema":"1a1c01bbd47fc00a2c39e90264f33305004495a9","hash":"485224e855c98f499c444da1b6b7851dc34c353f"}
,"/home/shoxrux/Desktop/Others/organizer/server/controllers/signin.controller.js": {"path":"/home/shoxrux/Desktop/Others/organizer/server/controllers/signin.controller.js","statementMap":{"0":{"start":{"line":1,"column":12},"end":{"line":1,"column":35}},"1":{"start":{"line":2,"column":14},"end":{"line":2,"column":46}},"2":{"start":{"line":5,"column":2},"end":{"line":24,"column":3}},"3":{"start":{"line":6,"column":17},"end":{"line":6,"column":76}},"4":{"start":{"line":8,"column":20},"end":{"line":12,"column":5}},"5":{"start":{"line":14,"column":18},"end":{"line":16,"column":6}},"6":{"start":{"line":18,"column":4},"end":{"line":21,"column":7}},"7":{"start":{"line":23,"column":4},"end":{"line":23,"column":14}},"8":{"start":{"line":27,"column":0},"end":{"line":27,"column":24}}},"fnMap":{"0":{"name":"signIn","decl":{"start":{"line":4,"column":15},"end":{"line":4,"column":21}},"loc":{"start":{"line":4,"column":38},"end":{"line":25,"column":1}},"line":4}},"branchMap":{},"s":{"0":1,"1":1,"2":1,"3":1,"4":1,"5":1,"6":1,"7":0,"8":1},"f":{"0":1},"b":{},"_coverageSchema":"1a1c01bbd47fc00a2c39e90264f33305004495a9","hash":"bb044a64f011f2e95a6c64b2e89ee1c8fd850587"}
,"/home/shoxrux/Desktop/Others/organizer/server/controllers/tasks.controller.js": {"path":"/home/shoxrux/Desktop/Others/organizer/server/controllers/tasks.controller.js","statementMap":{"0":{"start":{"line":1,"column":20},"end":{"line":1,"column":42}},"1":{"start":{"line":2,"column":21},"end":{"line":2,"column":57}},"2":{"start":{"line":3,"column":11},"end":{"line":3,"column":24}},"3":{"start":{"line":5,"column":17},"end":{"line":24,"column":1}},"4":{"start":{"line":6,"column":2},"end":{"line":23,"column":3}},"5":{"start":{"line":7,"column":20},"end":{"line":7,"column":22}},"6":{"start":{"line":8,"column":4},"end":{"line":10,"column":7}},"7":{"start":{"line":9,"column":6},"end":{"line":9,"column":49}},"8":{"start":{"line":9,"column":26},"end":{"line":9,"column":49}},"9":{"start":{"line":12,"column":22},"end":{"line":18,"column":5}},"10":{"start":{"line":20,"column":4},"end":{"line":20,"column":36}},"11":{"start":{"line":22,"column":4},"end":{"line":22,"column":16}},"12":{"start":{"line":26,"column":19},"end":{"line":72,"column":1}},"13":{"start":{"line":27,"column":2},"end":{"line":71,"column":3}},"14":{"start":{"line":28,"column":22},"end":{"line":28,"column":50}},"15":{"start":{"line":30,"column":4},"end":{"line":68,"column":5}},"16":{"start":{"line":31,"column":19},"end":{"line":36,"column":8}},"17":{"start":{"line":38,"column":24},"end":{"line":44,"column":7}},"18":{"start":{"line":46,"column":6},"end":{"line":46,"column":38}},"19":{"start":{"line":48,"column":6},"end":{"line":57,"column":7}},"20":{"start":{"line":48,"column":19},"end":{"line":48,"column":20}},"21":{"start":{"line":49,"column":21},"end":{"line":54,"column":10}},"22":{"start":{"line":56,"column":8},"end":{"line":56,"column":67}},"23":{"start":{"line":59,"column":24},"end":{"line":65,"column":7}},"24":{"start":{"line":67,"column":6},"end":{"line":67,"column":38}},"25":{"start":{"line":70,"column":4},"end":{"line":70,"column":16}},"26":{"start":{"line":74,"column":19},"end":{"line":84,"column":1}},"27":{"start":{"line":75,"column":2},"end":{"line":83,"column":3}},"28":{"start":{"line":76,"column":17},"end":{"line":76,"column":75}},"29":{"start":{"line":78,"column":4},"end":{"line":78,"column":56}},"30":{"start":{"line":78,"column":15},"end":{"line":78,"column":56}},"31":{"start":{"line":80,"column":4},"end":{"line":80,"column":31}},"32":{"start":{"line":82,"column":4},"end":{"line":82,"column":16}},"33":{"start":{"line":86,"column":19},"end":{"line":96,"column":1}},"34":{"start":{"line":87,"column":2},"end":{"line":95,"column":3}},"35":{"start":{"line":88,"column":17},"end":{"line":88,"column":65}},"36":{"start":{"line":90,"column":4},"end":{"line":90,"column":56}},"37":{"start":{"line":90,"column":15},"end":{"line":90,"column":56}},"38":{"start":{"line":92,"column":4},"end":{"line":92,"column":44}},"39":{"start":{"line":94,"column":4},"end":{"line":94,"column":16}},"40":{"start":{"line":98,"column":0},"end":{"line":103,"column":2}}},"fnMap":{"0":{"name":"(anonymous_0)","decl":{"start":{"line":5,"column":17},"end":{"line":5,"column":18}},"loc":{"start":{"line":5,"column":43},"end":{"line":24,"column":1}},"line":5},"1":{"name":"(anonymous_1)","decl":{"start":{"line":8,"column":38},"end":{"line":8,"column":39}},"loc":{"start":{"line":8,"column":56},"end":{"line":10,"column":5}},"line":8},"2":{"name":"(anonymous_2)","decl":{"start":{"line":26,"column":19},"end":{"line":26,"column":20}},"loc":{"start":{"line":26,"column":45},"end":{"line":72,"column":1}},"line":26},"3":{"name":"(anonymous_3)","decl":{"start":{"line":74,"column":19},"end":{"line":74,"column":20}},"loc":{"start":{"line":74,"column":45},"end":{"line":84,"column":1}},"line":74},"4":{"name":"(anonymous_4)","decl":{"start":{"line":86,"column":19},"end":{"line":86,"column":20}},"loc":{"start":{"line":86,"column":45},"end":{"line":96,"column":1}},"line":86}},"branchMap":{"0":{"loc":{"start":{"line":9,"column":6},"end":{"line":9,"column":49}},"type":"if","locations":[{"start":{"line":9,"column":6},"end":{"line":9,"column":49}},{"start":{},"end":{}}],"line":9},"1":{"loc":{"start":{"line":30,"column":4},"end":{"line":68,"column":5}},"type":"if","locations":[{"start":{"line":30,"column":4},"end":{"line":68,"column":5}},{"start":{"line":47,"column":11},"end":{"line":68,"column":5}}],"line":30},"2":{"loc":{"start":{"line":78,"column":4},"end":{"line":78,"column":56}},"type":"if","locations":[{"start":{"line":78,"column":4},"end":{"line":78,"column":56}},{"start":{},"end":{}}],"line":78},"3":{"loc":{"start":{"line":90,"column":4},"end":{"line":90,"column":56}},"type":"if","locations":[{"start":{"line":90,"column":4},"end":{"line":90,"column":56}},{"start":{},"end":{}}],"line":90}},"s":{"0":1,"1":1,"2":1,"3":1,"4":1,"5":1,"6":1,"7":0,"8":0,"9":1,"10":1,"11":0,"12":1,"13":2,"14":2,"15":2,"16":1,"17":1,"18":1,"19":1,"20":1,"21":1,"22":1,"23":1,"24":1,"25":0,"26":1,"27":1,"28":1,"29":1,"30":0,"31":1,"32":0,"33":1,"34":1,"35":1,"36":1,"37":0,"38":1,"39":0,"40":1},"f":{"0":1,"1":0,"2":2,"3":1,"4":1},"b":{"0":[0,0],"1":[1,1],"2":[0,1],"3":[0,1]},"_coverageSchema":"1a1c01bbd47fc00a2c39e90264f33305004495a9","hash":"31792bb012d59680e12243853cbbab5c35bee92c"}
,"/home/shoxrux/Desktop/Others/organizer/server/controllers/users.controller.js": {"path":"/home/shoxrux/Desktop/Others/organizer/server/controllers/users.controller.js","statementMap":{"0":{"start":{"line":1,"column":20},"end":{"line":1,"column":42}},"1":{"start":{"line":2,"column":21},"end":{"line":2,"column":57}},"2":{"start":{"line":3,"column":19},"end":{"line":3,"column":40}},"3":{"start":{"line":4,"column":15},"end":{"line":4,"column":48}},"4":{"start":{"line":5,"column":15},"end":{"line":5,"column":32}},"5":{"start":{"line":6,"column":12},"end":{"line":6,"column":26}},"6":{"start":{"line":7,"column":13},"end":{"line":7,"column":28}},"7":{"start":{"line":9,"column":16},"end":{"line":17,"column":1}},"8":{"start":{"line":10,"column":2},"end":{"line":16,"column":3}},"9":{"start":{"line":11,"column":17},"end":{"line":11,"column":62}},"10":{"start":{"line":13,"column":4},"end":{"line":13,"column":31}},"11":{"start":{"line":15,"column":4},"end":{"line":15,"column":16}},"12":{"start":{"line":19,"column":19},"end":{"line":29,"column":1}},"13":{"start":{"line":20,"column":2},"end":{"line":28,"column":3}},"14":{"start":{"line":21,"column":20},"end":{"line":21,"column":59}},"15":{"start":{"line":23,"column":4},"end":{"line":23,"column":23}},"16":{"start":{"line":25,"column":4},"end":{"line":25,"column":11}},"17":{"start":{"line":27,"column":4},"end":{"line":27,"column":16}},"18":{"start":{"line":31,"column":19},"end":{"line":41,"column":1}},"19":{"start":{"line":32,"column":2},"end":{"line":40,"column":3}},"20":{"start":{"line":33,"column":17},"end":{"line":33,"column":75}},"21":{"start":{"line":35,"column":4},"end":{"line":35,"column":56}},"22":{"start":{"line":35,"column":15},"end":{"line":35,"column":56}},"23":{"start":{"line":37,"column":4},"end":{"line":37,"column":31}},"24":{"start":{"line":39,"column":4},"end":{"line":39,"column":16}},"25":{"start":{"line":43,"column":19},"end":{"line":53,"column":1}},"26":{"start":{"line":44,"column":2},"end":{"line":52,"column":3}},"27":{"start":{"line":45,"column":17},"end":{"line":45,"column":65}},"28":{"start":{"line":47,"column":4},"end":{"line":47,"column":56}},"29":{"start":{"line":47,"column":15},"end":{"line":47,"column":56}},"30":{"start":{"line":49,"column":4},"end":{"line":49,"column":44}},"31":{"start":{"line":51,"column":4},"end":{"line":51,"column":16}},"32":{"start":{"line":55,"column":20},"end":{"line":66,"column":1}},"33":{"start":{"line":56,"column":14},"end":{"line":59,"column":3}},"34":{"start":{"line":61,"column":19},"end":{"line":61,"column":43}},"35":{"start":{"line":63,"column":2},"end":{"line":63,"column":23}},"36":{"start":{"line":65,"column":2},"end":{"line":65,"column":9}},"37":{"start":{"line":68,"column":24},"end":{"line":101,"column":1}},"38":{"start":{"line":69,"column":22},"end":{"line":75,"column":4}},"39":{"start":{"line":77,"column":15},"end":{"line":85,"column":3}},"40":{"start":{"line":87,"column":22},"end":{"line":92,"column":3}},"41":{"start":{"line":94,"column":2},"end":{"line":100,"column":5}},"42":{"start":{"line":95,"column":4},"end":{"line":99,"column":5}},"43":{"start":{"line":96,"column":6},"end":{"line":96,"column":18}},"44":{"start":{"line":98,"column":6},"end":{"line":98,"column":33}},"45":{"start":{"line":103,"column":21},"end":{"line":114,"column":1}},"46":{"start":{"line":104,"column":16},"end":{"line":107,"column":4}},"47":{"start":{"line":109,"column":2},"end":{"line":113,"column":48}},"48":{"start":{"line":110,"column":4},"end":{"line":110,"column":66}},"49":{"start":{"line":112,"column":4},"end":{"line":112,"column":29}},"50":{"start":{"line":113,"column":9},"end":{"line":113,"column":48}},"51":{"start":{"line":116,"column":0},"end":{"line":124,"column":2}}},"fnMap":{"0":{"name":"(anonymous_0)","decl":{"start":{"line":9,"column":16},"end":{"line":9,"column":17}},"loc":{"start":{"line":9,"column":42},"end":{"line":17,"column":1}},"line":9},"1":{"name":"(anonymous_1)","decl":{"start":{"line":19,"column":19},"end":{"line":19,"column":20}},"loc":{"start":{"line":19,"column":45},"end":{"line":29,"column":1}},"line":19},"2":{"name":"(anonymous_2)","decl":{"start":{"line":31,"column":19},"end":{"line":31,"column":20}},"loc":{"start":{"line":31,"column":45},"end":{"line":41,"column":1}},"line":31},"3":{"name":"(anonymous_3)","decl":{"start":{"line":43,"column":19},"end":{"line":43,"column":20}},"loc":{"start":{"line":43,"column":45},"end":{"line":53,"column":1}},"line":43},"4":{"name":"(anonymous_4)","decl":{"start":{"line":55,"column":20},"end":{"line":55,"column":21}},"loc":{"start":{"line":55,"column":46},"end":{"line":66,"column":1}},"line":55},"5":{"name":"(anonymous_5)","decl":{"start":{"line":68,"column":24},"end":{"line":68,"column":25}},"loc":{"start":{"line":68,"column":50},"end":{"line":101,"column":1}},"line":68},"6":{"name":"(anonymous_6)","decl":{"start":{"line":94,"column":36},"end":{"line":94,"column":37}},"loc":{"start":{"line":94,"column":59},"end":{"line":100,"column":3}},"line":94},"7":{"name":"(anonymous_7)","decl":{"start":{"line":103,"column":21},"end":{"line":103,"column":22}},"loc":{"start":{"line":103,"column":47},"end":{"line":114,"column":1}},"line":103}},"branchMap":{"0":{"loc":{"start":{"line":35,"column":4},"end":{"line":35,"column":56}},"type":"if","locations":[{"start":{"line":35,"column":4},"end":{"line":35,"column":56}},{"start":{},"end":{}}],"line":35},"1":{"loc":{"start":{"line":47,"column":4},"end":{"line":47,"column":56}},"type":"if","locations":[{"start":{"line":47,"column":4},"end":{"line":47,"column":56}},{"start":{},"end":{}}],"line":47},"2":{"loc":{"start":{"line":95,"column":4},"end":{"line":99,"column":5}},"type":"if","locations":[{"start":{"line":95,"column":4},"end":{"line":99,"column":5}},{"start":{"line":97,"column":11},"end":{"line":99,"column":5}}],"line":95},"3":{"loc":{"start":{"line":109,"column":2},"end":{"line":113,"column":48}},"type":"if","locations":[{"start":{"line":109,"column":2},"end":{"line":113,"column":48}},{"start":{"line":113,"column":9},"end":{"line":113,"column":48}}],"line":109}},"s":{"0":1,"1":1,"2":1,"3":1,"4":1,"5":1,"6":1,"7":1,"8":1,"9":1,"10":1,"11":0,"12":1,"13":1,"14":1,"15":1,"16":1,"17":0,"18":1,"19":1,"20":1,"21":1,"22":0,"23":1,"24":0,"25":1,"26":1,"27":1,"28":1,"29":0,"30":1,"31":0,"32":1,"33":1,"34":1,"35":1,"36":1,"37":1,"38":1,"39":1,"40":1,"41":1,"42":1,"43":0,"44":1,"45":1,"46":1,"47":1,"48":1,"49":1,"50":0,"51":1},"f":{"0":1,"1":1,"2":1,"3":1,"4":1,"5":1,"6":1,"7":1},"b":{"0":[0,1],"1":[0,1],"2":[0,1],"3":[1,0]},"_coverageSchema":"1a1c01bbd47fc00a2c39e90264f33305004495a9","hash":"2974f0fcf976688cc48743d3141b18aa50688f67"}
,"/home/shoxrux/Desktop/Others/organizer/server/helpers/handleError.js": {"path":"/home/shoxrux/Desktop/Others/organizer/server/helpers/handleError.js","statementMap":{"0":{"start":{"line":1,"column":17},"end":{"line":1,"column":36}},"1":{"start":{"line":2,"column":20},"end":{"line":2,"column":42}},"2":{"start":{"line":5,"column":2},"end":{"line":6,"column":72}},"3":{"start":{"line":6,"column":4},"end":{"line":6,"column":72}},"4":{"start":{"line":8,"column":2},"end":{"line":10,"column":3}},"5":{"start":{"line":9,"column":4},"end":{"line":9,"column":73}},"6":{"start":{"line":9,"column":35},"end":{"line":9,"column":73}},"7":{"start":{"line":12,"column":2},"end":{"line":12,"column":33}},"8":{"start":{"line":12,"column":20},"end":{"line":12,"column":33}},"9":{"start":{"line":14,"column":2},"end":{"line":14,"column":50}},"10":{"start":{"line":18,"column":2},"end":{"line":18,"column":31}},"11":{"start":{"line":21,"column":0},"end":{"line":21,"column":29}}},"fnMap":{"0":{"name":"handleError","decl":{"start":{"line":4,"column":9},"end":{"line":4,"column":20}},"loc":{"start":{"line":4,"column":28},"end":{"line":15,"column":1}},"line":4},"1":{"name":"parseValidationErrorMessage","decl":{"start":{"line":17,"column":9},"end":{"line":17,"column":36}},"loc":{"start":{"line":17,"column":46},"end":{"line":19,"column":1}},"line":17}},"branchMap":{"0":{"loc":{"start":{"line":5,"column":2},"end":{"line":6,"column":72}},"type":"if","locations":[{"start":{"line":5,"column":2},"end":{"line":6,"column":72}},{"start":{},"end":{}}],"line":5},"1":{"loc":{"start":{"line":8,"column":2},"end":{"line":10,"column":3}},"type":"if","locations":[{"start":{"line":8,"column":2},"end":{"line":10,"column":3}},{"start":{},"end":{}}],"line":8},"2":{"loc":{"start":{"line":9,"column":4},"end":{"line":9,"column":73}},"type":"if","locations":[{"start":{"line":9,"column":4},"end":{"line":9,"column":73}},{"start":{},"end":{}}],"line":9},"3":{"loc":{"start":{"line":12,"column":2},"end":{"line":12,"column":33}},"type":"if","locations":[{"start":{"line":12,"column":2},"end":{"line":12,"column":33}},{"start":{},"end":{}}],"line":12}},"s":{"0":1,"1":1,"2":2,"3":0,"4":2,"5":0,"6":0,"7":2,"8":2,"9":0,"10":0,"11":1},"f":{"0":2,"1":0},"b":{"0":[0,2],"1":[0,2],"2":[0,0],"3":[2,0]},"_coverageSchema":"1a1c01bbd47fc00a2c39e90264f33305004495a9","hash":"b28daa5ba084dee0161099288badf9e120f1ba6f"}
,"/home/shoxrux/Desktop/Others/organizer/server/models/projects.model.js": {"path":"/home/shoxrux/Desktop/Others/organizer/server/models/projects.model.js","statementMap":{"0":{"start":{"line":1,"column":17},"end":{"line":1,"column":36}},"1":{"start":{"line":3,"column":22},"end":{"line":30,"column":1}},"2":{"start":{"line":32,"column":0},"end":{"line":32,"column":59}}},"fnMap":{},"branchMap":{},"s":{"0":1,"1":1,"2":1},"f":{},"b":{},"_coverageSchema":"1a1c01bbd47fc00a2c39e90264f33305004495a9","hash":"829d68c1bb6ca35e7493e7cc564e0dc6d02a521d"}
,"/home/shoxrux/Desktop/Others/organizer/server/models/tasks.model.js": {"path":"/home/shoxrux/Desktop/Others/organizer/server/models/tasks.model.js","statementMap":{"0":{"start":{"line":1,"column":17},"end":{"line":1,"column":36}},"1":{"start":{"line":3,"column":19},"end":{"line":40,"column":1}},"2":{"start":{"line":42,"column":0},"end":{"line":42,"column":53}}},"fnMap":{},"branchMap":{},"s":{"0":1,"1":1,"2":1},"f":{},"b":{},"_coverageSchema":"1a1c01bbd47fc00a2c39e90264f33305004495a9","hash":"d6f5a82107ce21d837c0380f8f08d17017b9c16b"}
,"/home/shoxrux/Desktop/Others/organizer/server/models/tokens.model.js": {"path":"/home/shoxrux/Desktop/Others/organizer/server/models/tokens.model.js","statementMap":{"0":{"start":{"line":1,"column":17},"end":{"line":1,"column":36}},"1":{"start":{"line":3,"column":20},"end":{"line":11,"column":1}},"2":{"start":{"line":13,"column":0},"end":{"line":13,"column":55}}},"fnMap":{},"branchMap":{},"s":{"0":1,"1":1,"2":1},"f":{},"b":{},"_coverageSchema":"1a1c01bbd47fc00a2c39e90264f33305004495a9","hash":"f3dd82a6b46c6eaaa40193ac65612bcb0b4ceb47"}
,"/home/shoxrux/Desktop/Others/organizer/server/models/users.model.js": {"path":"/home/shoxrux/Desktop/Others/organizer/server/models/users.model.js","statementMap":{"0":{"start":{"line":1,"column":15},"end":{"line":1,"column":32}},"1":{"start":{"line":2,"column":17},"end":{"line":2,"column":36}},"2":{"start":{"line":3,"column":20},"end":{"line":3,"column":42}},"3":{"start":{"line":4,"column":24},"end":{"line":4,"column":60}},"4":{"start":{"line":6,"column":19},"end":{"line":28,"column":1}},"5":{"start":{"line":30,"column":20},"end":{"line":32,"column":1}},"6":{"start":{"line":31,"column":2},"end":{"line":31,"column":49}},"7":{"start":{"line":34,"column":0},"end":{"line":34,"column":48}},"8":{"start":{"line":36,"column":0},"end":{"line":50,"column":2}},"9":{"start":{"line":38,"column":17},"end":{"line":38,"column":53}},"10":{"start":{"line":40,"column":4},"end":{"line":44,"column":5}},"11":{"start":{"line":41,"column":6},"end":{"line":41,"column":35}},"12":{"start":{"line":41,"column":23},"end":{"line":41,"column":35}},"13":{"start":{"line":43,"column":6},"end":{"line":43,"column":60}},"14":{"start":{"line":46,"column":4},"end":{"line":46,"column":55}},"15":{"start":{"line":46,"column":14},"end":{"line":46,"column":55}},"16":{"start":{"line":48,"column":4},"end":{"line":48,"column":73}},"17":{"start":{"line":52,"column":0},"end":{"line":54,"column":3}},"18":{"start":{"line":56,"column":0},"end":{"line":56,"column":53}}},"fnMap":{"0":{"name":"(anonymous_0)","decl":{"start":{"line":30,"column":20},"end":{"line":30,"column":21}},"loc":{"start":{"line":30,"column":35},"end":{"line":32,"column":1}},"line":30},"1":{"name":"(anonymous_1)","decl":{"start":{"line":37,"column":2},"end":{"line":37,"column":3}},"loc":{"start":{"line":37,"column":33},"end":{"line":49,"column":3}},"line":37}},"branchMap":{"0":{"loc":{"start":{"line":40,"column":4},"end":{"line":44,"column":5}},"type":"if","locations":[{"start":{"line":40,"column":4},"end":{"line":44,"column":5}},{"start":{},"end":{}}],"line":40},"1":{"loc":{"start":{"line":40,"column":8},"end":{"line":40,"column":60}},"type":"binary-expr","locations":[{"start":{"line":40,"column":8},"end":{"line":40,"column":12}},{"start":{"line":40,"column":16},"end":{"line":40,"column":60}}],"line":40},"2":{"loc":{"start":{"line":41,"column":6},"end":{"line":41,"column":35}},"type":"if","locations":[{"start":{"line":41,"column":6},"end":{"line":41,"column":35}},{"start":{},"end":{}}],"line":41},"3":{"loc":{"start":{"line":46,"column":4},"end":{"line":46,"column":55}},"type":"if","locations":[{"start":{"line":46,"column":4},"end":{"line":46,"column":55}},{"start":{},"end":{}}],"line":46}},"s":{"0":1,"1":1,"2":1,"3":1,"4":1,"5":1,"6":1,"7":1,"8":1,"9":1,"10":1,"11":1,"12":1,"13":0,"14":0,"15":0,"16":0,"17":1,"18":1},"f":{"0":1,"1":1},"b":{"0":[1,0],"1":[1,1],"2":[1,0],"3":[0,0]},"_coverageSchema":"1a1c01bbd47fc00a2c39e90264f33305004495a9","hash":"1f9e2fec28153e40c71f23ab9f03647426b477b7"}
,"/home/shoxrux/Desktop/Others/organizer/server/routes/projects.routes.js": {"path":"/home/shoxrux/Desktop/Others/organizer/server/routes/projects.routes.js","statementMap":{"0":{"start":{"line":1,"column":16},"end":{"line":1,"column":34}},"1":{"start":{"line":2,"column":19},"end":{"line":2,"column":64}},"2":{"start":{"line":3,"column":19},"end":{"line":3,"column":62}},"3":{"start":{"line":4,"column":20},"end":{"line":4,"column":45}},"4":{"start":{"line":6,"column":15},"end":{"line":6,"column":52}},"5":{"start":{"line":8,"column":0},"end":{"line":8,"column":44}},"6":{"start":{"line":9,"column":0},"end":{"line":9,"column":49}},"7":{"start":{"line":11,"column":0},"end":{"line":11,"column":71}},"8":{"start":{"line":13,"column":0},"end":{"line":17,"column":2}},"9":{"start":{"line":19,"column":0},"end":{"line":19,"column":55}},"10":{"start":{"line":21,"column":0},"end":{"line":21,"column":45}},"11":{"start":{"line":23,"column":0},"end":{"line":23,"column":24}}},"fnMap":{},"branchMap":{},"s":{"0":1,"1":1,"2":1,"3":1,"4":1,"5":1,"6":1,"7":1,"8":1,"9":1,"10":1,"11":1},"f":{},"b":{},"_coverageSchema":"1a1c01bbd47fc00a2c39e90264f33305004495a9","hash":"575d3269cf5f3bc13d2207becebdee42e8a0fe22"}
,"/home/shoxrux/Desktop/Others/organizer/server/routes/tasks.routes.js": {"path":"/home/shoxrux/Desktop/Others/organizer/server/routes/tasks.routes.js","statementMap":{"0":{"start":{"line":1,"column":16},"end":{"line":1,"column":34}},"1":{"start":{"line":2,"column":19},"end":{"line":2,"column":61}},"2":{"start":{"line":3,"column":19},"end":{"line":3,"column":59}},"3":{"start":{"line":5,"column":15},"end":{"line":5,"column":52}},"4":{"start":{"line":7,"column":0},"end":{"line":7,"column":37}},"5":{"start":{"line":9,"column":0},"end":{"line":9,"column":40}},"6":{"start":{"line":11,"column":0},"end":{"line":11,"column":73}},"7":{"start":{"line":13,"column":0},"end":{"line":13,"column":49}},"8":{"start":{"line":15,"column":0},"end":{"line":15,"column":24}}},"fnMap":{},"branchMap":{},"s":{"0":1,"1":1,"2":1,"3":1,"4":1,"5":1,"6":1,"7":1,"8":1},"f":{},"b":{},"_coverageSchema":"1a1c01bbd47fc00a2c39e90264f33305004495a9","hash":"fbffda6f16e40823e4515a7f5392b840b1896a49"}
,"/home/shoxrux/Desktop/Others/organizer/server/routes/users.routes.js": {"path":"/home/shoxrux/Desktop/Others/organizer/server/routes/users.routes.js","statementMap":{"0":{"start":{"line":1,"column":16},"end":{"line":1,"column":34}},"1":{"start":{"line":2,"column":19},"end":{"line":2,"column":61}},"2":{"start":{"line":3,"column":19},"end":{"line":3,"column":59}},"3":{"start":{"line":4,"column":20},"end":{"line":4,"column":45}},"4":{"start":{"line":5,"column":23},"end":{"line":5,"column":51}},"5":{"start":{"line":6,"column":19},"end":{"line":6,"column":50}},"6":{"start":{"line":7,"column":21},"end":{"line":7,"column":53}},"7":{"start":{"line":8,"column":11},"end":{"line":8,"column":24}},"8":{"start":{"line":10,"column":15},"end":{"line":10,"column":31}},"9":{"start":{"line":12,"column":0},"end":{"line":18,"column":2}},"10":{"start":{"line":20,"column":0},"end":{"line":20,"column":49}},"11":{"start":{"line":22,"column":0},"end":{"line":26,"column":33}},"12":{"start":{"line":28,"column":0},"end":{"line":28,"column":42}},"13":{"start":{"line":30,"column":0},"end":{"line":30,"column":48}},"14":{"start":{"line":32,"column":0},"end":{"line":32,"column":24}}},"fnMap":{},"branchMap":{},"s":{"0":1,"1":1,"2":1,"3":1,"4":1,"5":1,"6":1,"7":1,"8":1,"9":1,"10":1,"11":1,"12":1,"13":1,"14":1},"f":{},"b":{},"_coverageSchema":"1a1c01bbd47fc00a2c39e90264f33305004495a9","hash":"50ca4f4fdeaa9fc560010385df846af1cb7841cd"}
,"/home/shoxrux/Desktop/Others/organizer/server/services/_counter.service.js": {"path":"/home/shoxrux/Desktop/Others/organizer/server/services/_counter.service.js","statementMap":{"0":{"start":{"line":1,"column":17},"end":{"line":1,"column":36}},"1":{"start":{"line":3,"column":23},"end":{"line":8,"column":2}},"2":{"start":{"line":10,"column":0},"end":{"line":30,"column":2}},"3":{"start":{"line":11,"column":2},"end":{"line":29,"column":3}},"4":{"start":{"line":12,"column":22},"end":{"line":12,"column":41}},"5":{"start":{"line":14,"column":4},"end":{"line":18,"column":5}},"6":{"start":{"line":15,"column":28},"end":{"line":15,"column":59}},"7":{"start":{"line":17,"column":6},"end":{"line":17,"column":38}},"8":{"start":{"line":20,"column":25},"end":{"line":20,"column":45}},"9":{"start":{"line":22,"column":4},"end":{"line":22,"column":44}},"10":{"start":{"line":24,"column":4},"end":{"line":24,"column":32}},"11":{"start":{"line":26,"column":4},"end":{"line":26,"column":24}},"12":{"start":{"line":28,"column":4},"end":{"line":28,"column":16}},"13":{"start":{"line":32,"column":17},"end":{"line":32,"column":59}},"14":{"start":{"line":34,"column":0},"end":{"line":34,"column":26}}},"fnMap":{"0":{"name":"(anonymous_0)","decl":{"start":{"line":10,"column":34},"end":{"line":10,"column":35}},"loc":{"start":{"line":10,"column":52},"end":{"line":30,"column":1}},"line":10}},"branchMap":{"0":{"loc":{"start":{"line":14,"column":4},"end":{"line":18,"column":5}},"type":"if","locations":[{"start":{"line":14,"column":4},"end":{"line":18,"column":5}},{"start":{},"end":{}}],"line":14}},"s":{"0":1,"1":1,"2":1,"3":3,"4":3,"5":3,"6":1,"7":1,"8":3,"9":3,"10":3,"11":3,"12":0,"13":1,"14":1},"f":{"0":3},"b":{"0":[1,2]},"_coverageSchema":"1a1c01bbd47fc00a2c39e90264f33305004495a9","hash":"29f2e5a94a621fea7c7634fce3038e2a6b412627"}
,"/home/shoxrux/Desktop/Others/organizer/server/services/projects.service.js": {"path":"/home/shoxrux/Desktop/Others/organizer/server/services/projects.service.js","statementMap":{"0":{"start":{"line":1,"column":17},"end":{"line":1,"column":52}},"1":{"start":{"line":2,"column":19},"end":{"line":2,"column":58}},"2":{"start":{"line":5,"column":2},"end":{"line":5,"column":42}},"3":{"start":{"line":9,"column":2},"end":{"line":9,"column":38}},"4":{"start":{"line":13,"column":18},"end":{"line":13,"column":45}},"5":{"start":{"line":15,"column":2},"end":{"line":15,"column":31}},"6":{"start":{"line":17,"column":2},"end":{"line":17,"column":31}},"7":{"start":{"line":21,"column":2},"end":{"line":23,"column":5}},"8":{"start":{"line":27,"column":2},"end":{"line":27,"column":47}},"9":{"start":{"line":30,"column":0},"end":{"line":36,"column":2}}},"fnMap":{"0":{"name":"getManyProjects","decl":{"start":{"line":4,"column":9},"end":{"line":4,"column":24}},"loc":{"start":{"line":4,"column":39},"end":{"line":6,"column":1}},"line":4},"1":{"name":"getProject","decl":{"start":{"line":8,"column":9},"end":{"line":8,"column":19}},"loc":{"start":{"line":8,"column":31},"end":{"line":10,"column":1}},"line":8},"2":{"name":"createProject","decl":{"start":{"line":12,"column":15},"end":{"line":12,"column":28}},"loc":{"start":{"line":12,"column":35},"end":{"line":18,"column":1}},"line":12},"3":{"name":"updateProject","decl":{"start":{"line":20,"column":9},"end":{"line":20,"column":22}},"loc":{"start":{"line":20,"column":40},"end":{"line":24,"column":1}},"line":20},"4":{"name":"deleteProject","decl":{"start":{"line":26,"column":9},"end":{"line":26,"column":22}},"loc":{"start":{"line":26,"column":34},"end":{"line":28,"column":1}},"line":26}},"branchMap":{},"s":{"0":1,"1":1,"2":1,"3":1,"4":1,"5":1,"6":1,"7":1,"8":2,"9":1},"f":{"0":1,"1":1,"2":1,"3":1,"4":2},"b":{},"_coverageSchema":"1a1c01bbd47fc00a2c39e90264f33305004495a9","hash":"b86df091c950f29570c8114fdf13c5703c68bd37"}
,"/home/shoxrux/Desktop/Others/organizer/server/services/tasks.service.js": {"path":"/home/shoxrux/Desktop/Others/organizer/server/services/tasks.service.js","statementMap":{"0":{"start":{"line":1,"column":14},"end":{"line":1,"column":46}},"1":{"start":{"line":2,"column":24},"end":{"line":2,"column":63}},"2":{"start":{"line":3,"column":19},"end":{"line":3,"column":58}},"3":{"start":{"line":4,"column":25},"end":{"line":4,"column":48}},"4":{"start":{"line":7,"column":2},"end":{"line":10,"column":25}},"5":{"start":{"line":14,"column":18},"end":{"line":14,"column":45}},"6":{"start":{"line":16,"column":2},"end":{"line":16,"column":31}},"7":{"start":{"line":18,"column":15},"end":{"line":18,"column":39}},"8":{"start":{"line":20,"column":2},"end":{"line":24,"column":3}},"9":{"start":{"line":21,"column":4},"end":{"line":23,"column":7}},"10":{"start":{"line":26,"column":2},"end":{"line":26,"column":14}},"11":{"start":{"line":30,"column":15},"end":{"line":32,"column":4}},"12":{"start":{"line":34,"column":2},"end":{"line":38,"column":3}},"13":{"start":{"line":35,"column":4},"end":{"line":37,"column":7}},"14":{"start":{"line":40,"column":2},"end":{"line":40,"column":14}},"15":{"start":{"line":44,"column":15},"end":{"line":44,"column":52}},"16":{"start":{"line":46,"column":2},"end":{"line":50,"column":3}},"17":{"start":{"line":47,"column":4},"end":{"line":49,"column":7}},"18":{"start":{"line":52,"column":2},"end":{"line":52,"column":14}},"19":{"start":{"line":55,"column":0},"end":{"line":55,"column":66}}},"fnMap":{"0":{"name":"getTasks","decl":{"start":{"line":6,"column":9},"end":{"line":6,"column":17}},"loc":{"start":{"line":6,"column":44},"end":{"line":11,"column":1}},"line":6},"1":{"name":"createTask","decl":{"start":{"line":13,"column":15},"end":{"line":13,"column":25}},"loc":{"start":{"line":13,"column":32},"end":{"line":27,"column":1}},"line":13},"2":{"name":"updateTask","decl":{"start":{"line":29,"column":15},"end":{"line":29,"column":25}},"loc":{"start":{"line":29,"column":40},"end":{"line":41,"column":1}},"line":29},"3":{"name":"deleteTask","decl":{"start":{"line":43,"column":15},"end":{"line":43,"column":25}},"loc":{"start":{"line":43,"column":34},"end":{"line":53,"column":1}},"line":43}},"branchMap":{"0":{"loc":{"start":{"line":9,"column":10},"end":{"line":9,"column":62}},"type":"cond-expr","locations":[{"start":{"line":9,"column":27},"end":{"line":9,"column":58}},{"start":{"line":9,"column":61},"end":{"line":9,"column":62}}],"line":9},"1":{"loc":{"start":{"line":20,"column":2},"end":{"line":24,"column":3}},"type":"if","locations":[{"start":{"line":20,"column":2},"end":{"line":24,"column":3}},{"start":{},"end":{}}],"line":20},"2":{"loc":{"start":{"line":34,"column":2},"end":{"line":38,"column":3}},"type":"if","locations":[{"start":{"line":34,"column":2},"end":{"line":38,"column":3}},{"start":{},"end":{}}],"line":34},"3":{"loc":{"start":{"line":34,"column":6},"end":{"line":34,"column":38}},"type":"binary-expr","locations":[{"start":{"line":34,"column":6},"end":{"line":34,"column":20}},{"start":{"line":34,"column":24},"end":{"line":34,"column":38}}],"line":34},"4":{"loc":{"start":{"line":46,"column":2},"end":{"line":50,"column":3}},"type":"if","locations":[{"start":{"line":46,"column":2},"end":{"line":50,"column":3}},{"start":{},"end":{}}],"line":46}},"s":{"0":1,"1":1,"2":1,"3":1,"4":3,"5":2,"6":2,"7":2,"8":2,"9":0,"10":2,"11":1,"12":1,"13":0,"14":1,"15":1,"16":1,"17":0,"18":1,"19":1},"f":{"0":3,"1":2,"2":1,"3":1},"b":{"0":[2,1],"1":[0,2],"2":[0,1],"3":[1,0],"4":[0,1]},"_coverageSchema":"1a1c01bbd47fc00a2c39e90264f33305004495a9","hash":"ba2b12169dfd27bcdcfad909bb9ed9422a3bfbb5"}
,"/home/shoxrux/Desktop/Others/organizer/server/services/users.service.js": {"path":"/home/shoxrux/Desktop/Others/organizer/server/services/users.service.js","statementMap":{"0":{"start":{"line":1,"column":14},"end":{"line":1,"column":46}},"1":{"start":{"line":4,"column":2},"end":{"line":4,"column":32}},"2":{"start":{"line":8,"column":2},"end":{"line":8,"column":28}},"3":{"start":{"line":12,"column":2},"end":{"line":14,"column":5}},"4":{"start":{"line":18,"column":2},"end":{"line":18,"column":41}},"5":{"start":{"line":21,"column":0},"end":{"line":26,"column":2}}},"fnMap":{"0":{"name":"getUser","decl":{"start":{"line":3,"column":9},"end":{"line":3,"column":16}},"loc":{"start":{"line":3,"column":25},"end":{"line":5,"column":1}},"line":3},"1":{"name":"createUser","decl":{"start":{"line":7,"column":15},"end":{"line":7,"column":25}},"loc":{"start":{"line":7,"column":32},"end":{"line":9,"column":1}},"line":7},"2":{"name":"updateUser","decl":{"start":{"line":11,"column":9},"end":{"line":11,"column":19}},"loc":{"start":{"line":11,"column":34},"end":{"line":15,"column":1}},"line":11},"3":{"name":"deleteUser","decl":{"start":{"line":17,"column":9},"end":{"line":17,"column":19}},"loc":{"start":{"line":17,"column":28},"end":{"line":19,"column":1}},"line":17}},"branchMap":{},"s":{"0":1,"1":1,"2":1,"3":2,"4":1,"5":1},"f":{"0":1,"1":1,"2":2,"3":1},"b":{},"_coverageSchema":"1a1c01bbd47fc00a2c39e90264f33305004495a9","hash":"ce7bff653ce000ca7e595cc1b3b4e01a54da0171"}
,"/home/shoxrux/Desktop/Others/organizer/server/validators/projects.validator.js": {"path":"/home/shoxrux/Desktop/Others/organizer/server/validators/projects.validator.js","statementMap":{"0":{"start":{"line":1,"column":12},"end":{"line":1,"column":26}},"1":{"start":{"line":2,"column":20},"end":{"line":2,"column":42}},"2":{"start":{"line":4,"column":22},"end":{"line":7,"column":2}},"3":{"start":{"line":9,"column":24},"end":{"line":14,"column":1}},"4":{"start":{"line":10,"column":20},"end":{"line":10,"column":52}},"5":{"start":{"line":12,"column":2},"end":{"line":12,"column":43}},"6":{"start":{"line":12,"column":13},"end":{"line":12,"column":43}},"7":{"start":{"line":13,"column":2},"end":{"line":13,"column":9}},"8":{"start":{"line":16,"column":0},"end":{"line":18,"column":2}}},"fnMap":{"0":{"name":"(anonymous_0)","decl":{"start":{"line":9,"column":24},"end":{"line":9,"column":25}},"loc":{"start":{"line":9,"column":44},"end":{"line":14,"column":1}},"line":9}},"branchMap":{"0":{"loc":{"start":{"line":12,"column":2},"end":{"line":12,"column":43}},"type":"if","locations":[{"start":{"line":12,"column":2},"end":{"line":12,"column":43}},{"start":{},"end":{}}],"line":12}},"s":{"0":1,"1":1,"2":1,"3":1,"4":2,"5":2,"6":0,"7":2,"8":1},"f":{"0":2},"b":{"0":[0,2]},"_coverageSchema":"1a1c01bbd47fc00a2c39e90264f33305004495a9","hash":"86f0b54e9c4177d18ec7a61cf6525b2eb56d9931"}
,"/home/shoxrux/Desktop/Others/organizer/server/validators/tasks.validator.js": {"path":"/home/shoxrux/Desktop/Others/organizer/server/validators/tasks.validator.js","statementMap":{"0":{"start":{"line":1,"column":12},"end":{"line":1,"column":26}},"1":{"start":{"line":2,"column":20},"end":{"line":2,"column":42}},"2":{"start":{"line":4,"column":19},"end":{"line":14,"column":30}},"3":{"start":{"line":16,"column":21},"end":{"line":21,"column":1}},"4":{"start":{"line":17,"column":20},"end":{"line":17,"column":49}},"5":{"start":{"line":19,"column":2},"end":{"line":19,"column":43}},"6":{"start":{"line":19,"column":13},"end":{"line":19,"column":43}},"7":{"start":{"line":20,"column":2},"end":{"line":20,"column":9}},"8":{"start":{"line":23,"column":0},"end":{"line":25,"column":2}}},"fnMap":{"0":{"name":"(anonymous_0)","decl":{"start":{"line":16,"column":21},"end":{"line":16,"column":22}},"loc":{"start":{"line":16,"column":41},"end":{"line":21,"column":1}},"line":16}},"branchMap":{"0":{"loc":{"start":{"line":19,"column":2},"end":{"line":19,"column":43}},"type":"if","locations":[{"start":{"line":19,"column":2},"end":{"line":19,"column":43}},{"start":{},"end":{}}],"line":19}},"s":{"0":1,"1":1,"2":1,"3":1,"4":1,"5":1,"6":0,"7":1,"8":1},"f":{"0":1},"b":{"0":[0,1]},"_coverageSchema":"1a1c01bbd47fc00a2c39e90264f33305004495a9","hash":"d64bdd6b183dfde3d0a0ef4f7ee7fefdd17d8be2"}
,"/home/shoxrux/Desktop/Others/organizer/server/validators/users.validator.js": {"path":"/home/shoxrux/Desktop/Others/organizer/server/validators/users.validator.js","statementMap":{"0":{"start":{"line":1,"column":12},"end":{"line":1,"column":26}},"1":{"start":{"line":2,"column":20},"end":{"line":2,"column":42}},"2":{"start":{"line":4,"column":25},"end":{"line":10,"column":2}},"3":{"start":{"line":12,"column":25},"end":{"line":14,"column":2}},"4":{"start":{"line":16,"column":27},"end":{"line":21,"column":1}},"5":{"start":{"line":17,"column":20},"end":{"line":17,"column":55}},"6":{"start":{"line":19,"column":2},"end":{"line":19,"column":43}},"7":{"start":{"line":19,"column":13},"end":{"line":19,"column":43}},"8":{"start":{"line":20,"column":2},"end":{"line":20,"column":9}},"9":{"start":{"line":23,"column":27},"end":{"line":28,"column":1}},"10":{"start":{"line":24,"column":20},"end":{"line":24,"column":55}},"11":{"start":{"line":26,"column":2},"end":{"line":26,"column":43}},"12":{"start":{"line":26,"column":13},"end":{"line":26,"column":43}},"13":{"start":{"line":27,"column":2},"end":{"line":27,"column":9}},"14":{"start":{"line":30,"column":0},"end":{"line":33,"column":2}}},"fnMap":{"0":{"name":"(anonymous_0)","decl":{"start":{"line":16,"column":27},"end":{"line":16,"column":28}},"loc":{"start":{"line":16,"column":47},"end":{"line":21,"column":1}},"line":16},"1":{"name":"(anonymous_1)","decl":{"start":{"line":23,"column":27},"end":{"line":23,"column":28}},"loc":{"start":{"line":23,"column":47},"end":{"line":28,"column":1}},"line":23}},"branchMap":{"0":{"loc":{"start":{"line":19,"column":2},"end":{"line":19,"column":43}},"type":"if","locations":[{"start":{"line":19,"column":2},"end":{"line":19,"column":43}},{"start":{},"end":{}}],"line":19},"1":{"loc":{"start":{"line":26,"column":2},"end":{"line":26,"column":43}},"type":"if","locations":[{"start":{"line":26,"column":2},"end":{"line":26,"column":43}},{"start":{},"end":{}}],"line":26}},"s":{"0":1,"1":1,"2":1,"3":1,"4":1,"5":2,"6":2,"7":1,"8":2,"9":1,"10":1,"11":1,"12":0,"13":1,"14":1},"f":{"0":2,"1":1},"b":{"0":[1,1],"1":[0,1]},"_coverageSchema":"1a1c01bbd47fc00a2c39e90264f33305004495a9","hash":"6c5c94b42a86202e20c3ff6b3f973746e718c178"}
}
