TN:
SF:app.js
FN:21,(anonymous_0)
FNF:1
FNH:1
FNDA:2,(anonymous_0)
DA:1,1
DA:2,1
DA:3,1
DA:4,1
DA:5,1
DA:6,1
DA:7,1
DA:8,1
DA:9,1
DA:11,1
DA:13,1
DA:14,1
DA:15,1
DA:17,1
DA:18,1
DA:19,1
DA:21,1
DA:22,2
DA:24,2
DA:30,1
LF:20
LH:20
BRF:0
BRH:0
end_of_record
TN:
SF:constants.js
FNF:0
FNH:0
DA:1,1
DA:3,1
LF:2
LH:2
BRF:0
BRH:0
end_of_record
TN:
SF:auth/is-authorized.js
FN:3,(anonymous_0)
FNF:1
FNH:1
FNDA:15,(anonymous_0)
DA:1,1
DA:3,1
DA:4,15
DA:6,15
DA:8,0
DA:11,1
LF:6
LH:5
BRDA:6,0,0,15
BRDA:6,0,1,0
BRF:2
BRH:1
end_of_record
TN:
SF:auth/is-signed-in.js
FN:6,(anonymous_0)
FNF:1
FNH:1
FNDA:15,(anonymous_0)
DA:1,1
DA:2,1
DA:3,1
DA:4,1
DA:6,1
DA:7,15
DA:9,15
DA:10,15
DA:16,0
DA:19,1
DA:21,1
DA:26,1
DA:28,1
DA:32,1
LF:14
LH:13
BRDA:9,0,0,15
BRDA:9,0,1,0
BRF:2
BRH:1
end_of_record
TN:
SF:controllers/projects.controller.js
FN:4,(anonymous_0)
FN:19,(anonymous_1)
FN:29,(anonymous_2)
FN:42,(anonymous_3)
FN:57,(anonymous_4)
FNF:5
FNH:5
FNDA:1,(anonymous_0)
FNDA:1,(anonymous_1)
FNDA:1,(anonymous_2)
FNDA:1,(anonymous_3)
FNDA:2,(anonymous_4)
DA:1,1
DA:2,1
DA:4,1
DA:5,1
DA:6,1
DA:13,1
DA:15,0
DA:19,1
DA:20,1
DA:21,1
DA:23,1
DA:25,0
DA:29,1
DA:30,1
DA:31,1
DA:36,1
DA:38,0
DA:42,1
DA:43,1
DA:44,1
DA:49,1
DA:51,1
DA:53,0
DA:57,1
DA:58,2
DA:59,2
DA:61,2
DA:63,1
DA:65,1
DA:69,1
LF:30
LH:26
BRDA:49,0,0,0
BRDA:49,0,1,1
BRDA:61,1,0,1
BRDA:61,1,1,1
BRF:4
BRH:3
end_of_record
TN:
SF:controllers/signin.controller.js
FN:4,signIn
FNF:1
FNH:1
FNDA:1,signIn
DA:1,1
DA:2,1
DA:5,1
DA:6,1
DA:8,1
DA:14,1
DA:18,1
DA:23,0
DA:27,1
LF:9
LH:8
BRF:0
BRH:0
end_of_record
TN:
SF:controllers/tasks.controller.js
FN:5,(anonymous_0)
FN:8,(anonymous_1)
FN:26,(anonymous_2)
FN:74,(anonymous_3)
FN:86,(anonymous_4)
FNF:5
FNH:4
FNDA:1,(anonymous_0)
FNDA:0,(anonymous_1)
FNDA:2,(anonymous_2)
FNDA:1,(anonymous_3)
FNDA:1,(anonymous_4)
DA:1,1
DA:2,1
DA:3,1
DA:5,1
DA:6,1
DA:7,1
DA:8,1
DA:9,0
DA:12,1
DA:20,1
DA:22,0
DA:26,1
DA:27,2
DA:28,2
DA:30,2
DA:31,1
DA:38,1
DA:46,1
DA:48,1
DA:49,1
DA:56,1
DA:59,1
DA:67,1
DA:70,0
DA:74,1
DA:75,1
DA:76,1
DA:78,1
DA:80,1
DA:82,0
DA:86,1
DA:87,1
DA:88,1
DA:90,1
DA:92,1
DA:94,0
DA:98,1
LF:37
LH:32
BRDA:9,0,0,0
BRDA:9,0,1,0
BRDA:30,1,0,1
BRDA:30,1,1,1
BRDA:78,2,0,0
BRDA:78,2,1,1
BRDA:90,3,0,0
BRDA:90,3,1,1
BRF:8
BRH:4
end_of_record
TN:
SF:controllers/users.controller.js
FN:9,(anonymous_0)
FN:19,(anonymous_1)
FN:31,(anonymous_2)
FN:43,(anonymous_3)
FN:55,(anonymous_4)
FN:68,(anonymous_5)
FN:94,(anonymous_6)
FN:103,(anonymous_7)
FNF:8
FNH:8
FNDA:1,(anonymous_0)
FNDA:1,(anonymous_1)
FNDA:1,(anonymous_2)
FNDA:1,(anonymous_3)
FNDA:1,(anonymous_4)
FNDA:1,(anonymous_5)
FNDA:1,(anonymous_6)
FNDA:1,(anonymous_7)
DA:1,1
DA:2,1
DA:3,1
DA:4,1
DA:5,1
DA:6,1
DA:7,1
DA:9,1
DA:10,1
DA:11,1
DA:13,1
DA:15,0
DA:19,1
DA:20,1
DA:21,1
DA:23,1
DA:25,1
DA:27,0
DA:31,1
DA:32,1
DA:33,1
DA:35,1
DA:37,1
DA:39,0
DA:43,1
DA:44,1
DA:45,1
DA:47,1
DA:49,1
DA:51,0
DA:55,1
DA:56,1
DA:61,1
DA:63,1
DA:65,1
DA:68,1
DA:69,1
DA:77,1
DA:87,1
DA:94,1
DA:95,1
DA:96,0
DA:98,1
DA:103,1
DA:104,1
DA:109,1
DA:110,1
DA:112,1
DA:113,0
DA:116,1
LF:50
LH:44
BRDA:35,0,0,0
BRDA:35,0,1,1
BRDA:47,1,0,0
BRDA:47,1,1,1
BRDA:95,2,0,0
BRDA:95,2,1,1
BRDA:109,3,0,1
BRDA:109,3,1,0
BRF:8
BRH:4
end_of_record
TN:
SF:helpers/handleError.js
FN:4,handleError
FN:17,parseValidationErrorMessage
FNF:2
FNH:1
FNDA:2,handleError
FNDA:0,parseValidationErrorMessage
DA:1,1
DA:2,1
DA:5,2
DA:6,0
DA:8,2
DA:9,0
DA:12,2
DA:14,0
DA:18,0
DA:21,1
LF:10
LH:6
BRDA:5,0,0,0
BRDA:5,0,1,2
BRDA:8,1,0,0
BRDA:8,1,1,2
BRDA:9,2,0,0
BRDA:9,2,1,0
BRDA:12,3,0,2
BRDA:12,3,1,0
BRF:8
BRH:3
end_of_record
TN:
SF:models/projects.model.js
FNF:0
FNH:0
DA:1,1
DA:3,1
DA:32,1
LF:3
LH:3
BRF:0
BRH:0
end_of_record
TN:
SF:models/tasks.model.js
FNF:0
FNH:0
DA:1,1
DA:3,1
DA:42,1
LF:3
LH:3
BRF:0
BRH:0
end_of_record
TN:
SF:models/tokens.model.js
FNF:0
FNH:0
DA:1,1
DA:3,1
DA:13,1
LF:3
LH:3
BRF:0
BRH:0
end_of_record
TN:
SF:models/users.model.js
FN:30,(anonymous_0)
FN:37,(anonymous_1)
FNF:2
FNH:2
FNDA:1,(anonymous_0)
FNDA:1,(anonymous_1)
DA:1,1
DA:2,1
DA:3,1
DA:4,1
DA:6,1
DA:30,1
DA:31,1
DA:34,1
DA:36,1
DA:38,1
DA:40,1
DA:41,1
DA:43,0
DA:46,0
DA:48,0
DA:52,1
DA:56,1
LF:17
LH:14
BRDA:40,0,0,1
BRDA:40,0,1,0
BRDA:40,1,0,1
BRDA:40,1,1,1
BRDA:41,2,0,1
BRDA:41,2,1,0
BRDA:46,3,0,0
BRDA:46,3,1,0
BRF:8
BRH:4
end_of_record
TN:
SF:routes/projects.routes.js
FNF:0
FNH:0
DA:1,1
DA:2,1
DA:3,1
DA:4,1
DA:6,1
DA:8,1
DA:9,1
DA:11,1
DA:13,1
DA:19,1
DA:21,1
DA:23,1
LF:12
LH:12
BRF:0
BRH:0
end_of_record
TN:
SF:routes/tasks.routes.js
FNF:0
FNH:0
DA:1,1
DA:2,1
DA:3,1
DA:5,1
DA:7,1
DA:9,1
DA:11,1
DA:13,1
DA:15,1
LF:9
LH:9
BRF:0
BRH:0
end_of_record
TN:
SF:routes/users.routes.js
FNF:0
FNH:0
DA:1,1
DA:2,1
DA:3,1
DA:4,1
DA:5,1
DA:6,1
DA:7,1
DA:8,1
DA:10,1
DA:12,1
DA:20,1
DA:22,1
DA:28,1
DA:30,1
DA:32,1
LF:15
LH:15
BRF:0
BRH:0
end_of_record
TN:
SF:services/_counter.service.js
FN:10,(anonymous_0)
FNF:1
FNH:1
FNDA:3,(anonymous_0)
DA:1,1
DA:3,1
DA:10,1
DA:11,3
DA:12,3
DA:14,3
DA:15,1
DA:17,1
DA:20,3
DA:22,3
DA:24,3
DA:26,3
DA:28,0
DA:32,1
DA:34,1
LF:15
LH:14
BRDA:14,0,0,1
BRDA:14,0,1,2
BRF:2
BRH:2
end_of_record
TN:
SF:services/projects.service.js
FN:4,getManyProjects
FN:8,getProject
FN:12,createProject
FN:20,updateProject
FN:26,deleteProject
FNF:5
FNH:5
FNDA:1,getManyProjects
FNDA:1,getProject
FNDA:1,createProject
FNDA:1,updateProject
FNDA:2,deleteProject
DA:1,1
DA:2,1
DA:5,1
DA:9,1
DA:13,1
DA:15,1
DA:17,1
DA:21,1
DA:27,2
DA:30,1
LF:10
LH:10
BRF:0
BRH:0
end_of_record
TN:
SF:services/tasks.service.js
FN:6,getTasks
FN:13,createTask
FN:29,updateTask
FN:43,deleteTask
FNF:4
FNH:4
FNDA:3,getTasks
FNDA:2,createTask
FNDA:1,updateTask
FNDA:1,deleteTask
DA:1,1
DA:2,1
DA:3,1
DA:4,1
DA:7,3
DA:14,2
DA:16,2
DA:18,2
DA:20,2
DA:21,0
DA:26,2
DA:30,1
DA:34,1
DA:35,0
DA:40,1
DA:44,1
DA:46,1
DA:47,0
DA:52,1
DA:55,1
LF:20
LH:17
BRDA:9,0,0,2
BRDA:9,0,1,1
BRDA:20,1,0,0
BRDA:20,1,1,2
BRDA:34,2,0,0
BRDA:34,2,1,1
BRDA:34,3,0,1
BRDA:34,3,1,0
BRDA:46,4,0,0
BRDA:46,4,1,1
BRF:10
BRH:6
end_of_record
TN:
SF:services/users.service.js
FN:3,getUser
FN:7,createUser
FN:11,updateUser
FN:17,deleteUser
FNF:4
FNH:4
FNDA:1,getUser
FNDA:1,createUser
FNDA:2,updateUser
FNDA:1,deleteUser
DA:1,1
DA:4,1
DA:8,1
DA:12,2
DA:18,1
DA:21,1
LF:6
LH:6
BRF:0
BRH:0
end_of_record
TN:
SF:validators/projects.validator.js
FN:9,(anonymous_0)
FNF:1
FNH:1
FNDA:2,(anonymous_0)
DA:1,1
DA:2,1
DA:4,1
DA:9,1
DA:10,2
DA:12,2
DA:13,2
DA:16,1
LF:8
LH:8
BRDA:12,0,0,0
BRDA:12,0,1,2
BRF:2
BRH:1
end_of_record
TN:
SF:validators/tasks.validator.js
FN:16,(anonymous_0)
FNF:1
FNH:1
FNDA:1,(anonymous_0)
DA:1,1
DA:2,1
DA:4,1
DA:16,1
DA:17,1
DA:19,1
DA:20,1
DA:23,1
LF:8
LH:8
BRDA:19,0,0,0
BRDA:19,0,1,1
BRF:2
BRH:1
end_of_record
TN:
SF:validators/users.validator.js
FN:16,(anonymous_0)
FN:23,(anonymous_1)
FNF:2
FNH:2
FNDA:2,(anonymous_0)
FNDA:1,(anonymous_1)
DA:1,1
DA:2,1
DA:4,1
DA:12,1
DA:16,1
DA:17,2
DA:19,2
DA:20,2
DA:23,1
DA:24,1
DA:26,1
DA:27,1
DA:30,1
LF:13
LH:13
BRDA:19,0,0,1
BRDA:19,0,1,1
BRDA:26,1,0,0
BRDA:26,1,1,1
BRF:4
BRH:3
end_of_record
